This is pdfTeX, Version 3.141592653-2.6-1.40.24 (MiKTeX 22.3) (preloaded format=pdflatex 2022.6.8)  6 DEC 2024 11:44
entering extended mode
 restricted \write18 enabled.
 %&-line parsing enabled.
**./bare_conf.tex
(bare_conf.tex
LaTeX2e <2021-11-15> patch level 1
L3 programming layer <2022-02-24> (IEEEtran.cls
Document Class: IEEEtran 2007/03/05 V1.7a by Michael Shell
-- See the "IEEEtran_HOWTO" manual for usage information.
-- http://www.michaelshell.org/tex/ieeetran/
\@IEEEtrantmpdimenA=\dimen138
\@IEEEtrantmpdimenB=\dimen139
\@IEEEtrantmpcountA=\count185
\@IEEEtrantmpcountB=\count186
\@IEEEtrantmptoksA=\toks16
LaTeX Font Info:    Trying to load font information for OT1+ptm on input line 3
66.
(C:\Users\weidn\AppData\Local\Programs\MiKTeX\tex/latex/psnfss\ot1ptm.fd
File: ot1ptm.fd 2001/06/04 font definitions for OT1/ptm.
)
-- Using 8.5in x 11in (letter) paper.
-- Using PDF output.
\@IEEEnormalsizeunitybaselineskip=\dimen140
-- This is a 10 point document.
\CLASSINFOnormalsizebaselineskip=\dimen141
\CLASSINFOnormalsizeunitybaselineskip=\dimen142
\IEEEnormaljot=\dimen143
LaTeX Font Info:    Font shape `OT1/ptm/bx/n' in size <5> not available
(Font)              Font shape `OT1/ptm/b/n' tried instead on input line 724.
LaTeX Font Info:    Font shape `OT1/ptm/bx/it' in size <5> not available
(Font)              Font shape `OT1/ptm/b/it' tried instead on input line 724.
LaTeX Font Info:    Font shape `OT1/ptm/bx/n' in size <7> not available
(Font)              Font shape `OT1/ptm/b/n' tried instead on input line 724.
LaTeX Font Info:    Font shape `OT1/ptm/bx/it' in size <7> not available
(Font)              Font shape `OT1/ptm/b/it' tried instead on input line 724.
LaTeX Font Info:    Font shape `OT1/ptm/bx/n' in size <8> not available
(Font)              Font shape `OT1/ptm/b/n' tried instead on input line 724.
LaTeX Font Info:    Font shape `OT1/ptm/bx/it' in size <8> not available
(Font)              Font shape `OT1/ptm/b/it' tried instead on input line 724.
LaTeX Font Info:    Font shape `OT1/ptm/bx/n' in size <9> not available
(Font)              Font shape `OT1/ptm/b/n' tried instead on input line 724.
LaTeX Font Info:    Font shape `OT1/ptm/bx/it' in size <9> not available
(Font)              Font shape `OT1/ptm/b/it' tried instead on input line 724.
LaTeX Font Info:    Font shape `OT1/ptm/bx/n' in size <10> not available
(Font)              Font shape `OT1/ptm/b/n' tried instead on input line 724.
LaTeX Font Info:    Font shape `OT1/ptm/bx/it' in size <10> not available
(Font)              Font shape `OT1/ptm/b/it' tried instead on input line 724.
LaTeX Font Info:    Font shape `OT1/ptm/bx/n' in size <11> not available
(Font)              Font shape `OT1/ptm/b/n' tried instead on input line 724.
LaTeX Font Info:    Font shape `OT1/ptm/bx/it' in size <11> not available
(Font)              Font shape `OT1/ptm/b/it' tried instead on input line 724.
LaTeX Font Info:    Font shape `OT1/ptm/bx/n' in size <12> not available
(Font)              Font shape `OT1/ptm/b/n' tried instead on input line 724.
LaTeX Font Info:    Font shape `OT1/ptm/bx/it' in size <12> not available
(Font)              Font shape `OT1/ptm/b/it' tried instead on input line 724.
LaTeX Font Info:    Font shape `OT1/ptm/bx/n' in size <17> not available
(Font)              Font shape `OT1/ptm/b/n' tried instead on input line 724.
LaTeX Font Info:    Font shape `OT1/ptm/bx/it' in size <17> not available
(Font)              Font shape `OT1/ptm/b/it' tried instead on input line 724.
LaTeX Font Info:    Font shape `OT1/ptm/bx/n' in size <20> not available
(Font)              Font shape `OT1/ptm/b/n' tried instead on input line 724.
LaTeX Font Info:    Font shape `OT1/ptm/bx/it' in size <20> not available
(Font)              Font shape `OT1/ptm/b/it' tried instead on input line 724.
LaTeX Font Info:    Font shape `OT1/ptm/bx/n' in size <24> not available
(Font)              Font shape `OT1/ptm/b/n' tried instead on input line 724.
LaTeX Font Info:    Font shape `OT1/ptm/bx/it' in size <24> not available
(Font)              Font shape `OT1/ptm/b/it' tried instead on input line 724.
\IEEEilabelindentA=\dimen144
\IEEEilabelindentB=\dimen145
\IEEEilabelindent=\dimen146
\IEEEelabelindent=\dimen147
\IEEEdlabelindent=\dimen148
\IEEElabelindent=\dimen149
\IEEEiednormlabelsep=\dimen150
\IEEEiedmathlabelsep=\dimen151
\IEEEiedtopsep=\skip47
\c@section=\count187
\c@subsection=\count188
\c@subsubsection=\count189
\c@paragraph=\count190
\c@IEEEsubequation=\count191
\abovecaptionskip=\skip48
\belowcaptionskip=\skip49
\c@figure=\count192
\c@table=\count193
\@IEEEeqnnumcols=\count194
\@IEEEeqncolcnt=\count195
\@IEEEtmpitemindent=\dimen152
\c@IEEEbiography=\count196
\@IEEEtranrubishbin=\box50
)
(C:\Users\weidn\AppData\Local\Programs\MiKTeX\tex/latex/l3backend\l3backend-pdf
tex.def
File: l3backend-pdftex.def 2022-02-07 L3 backend support: PDF output (pdfTeX)
\l__color_backend_stack_int=\count197
\l__pdf_internal_box=\box51
) (bare_conf.aux)
\openout1 = `bare_conf.aux'.

LaTeX Font Info:    Checking defaults for OML/cmm/m/it on input line 351.
LaTeX Font Info:    ... okay on input line 351.
LaTeX Font Info:    Checking defaults for OMS/cmsy/m/n on input line 351.
LaTeX Font Info:    ... okay on input line 351.
LaTeX Font Info:    Checking defaults for OT1/cmr/m/n on input line 351.
LaTeX Font Info:    ... okay on input line 351.
LaTeX Font Info:    Checking defaults for T1/cmr/m/n on input line 351.
LaTeX Font Info:    ... okay on input line 351.
LaTeX Font Info:    Checking defaults for TS1/cmr/m/n on input line 351.
LaTeX Font Info:    ... okay on input line 351.
LaTeX Font Info:    Checking defaults for OMX/cmex/m/n on input line 351.
LaTeX Font Info:    ... okay on input line 351.
LaTeX Font Info:    Checking defaults for U/cmr/m/n on input line 351.
LaTeX Font Info:    ... okay on input line 351.
LaTeX Font Info:    External font `cmex10' loaded for size
(Font)              <7> on input line 434.
LaTeX Font Info:    External font `cmex10' loaded for size
(Font)              <5> on input line 434.
LaTeX Font Info:    External font `cmex10' loaded for size
(Font)              <8> on input line 580.
LaTeX Font Info:    External font `cmex10' loaded for size
(Font)              <6> on input line 580.


** Conference Paper **
Before submitting the final camera ready copy, remember to:

 1. Manually equalize the lengths of two columns on the last page
 of your paper;

 2. Ensure that any PostScript and/or PDF output post-processing
 uses only Type 1 fonts and that every step in the generation
 process uses the appropriate paper size.

[1{C:/Users/weidn/AppData/Local/MiKTeX/fonts/map/pdftex/pdftex.map}



]
(bare_conf.aux) ) 
Here is how much of TeX's memory you used:
 1109 strings out of 478582
 21327 string characters out of 2844345
 315269 words of memory out of 3000000
 19354 multiletter control sequences out of 15000+600000
 504347 words of font info for 86 fonts, out of 8000000 for 9000
 1144 hyphenation exceptions out of 8191
 34i,9n,37p,192b,311s stack positions out of 10000i,1000n,20000p,200000b,80000s
{C:/Users/weidn/AppData/Local/Programs/MiKTeX/fonts/enc/dvips/
base/8r.enc}<C:/Users/weidn/AppData/Local/Programs/MiKTeX/fonts/type1/urw/times
/utmb8a.pfb><C:/Users/weidn/AppData/Local/Programs/MiKTeX/fonts/type1/urw/times
/utmbi8a.pfb><C:/Users/weidn/AppData/Local/Programs/MiKTeX/fonts/type1/urw/time
s/utmr8a.pfb><C:/Users/weidn/AppData/Local/Programs/MiKTeX/fonts/type1/urw/time
s/utmri8a.pfb>
Output written on bare_conf.pdf (1 page, 48918 bytes).
PDF statistics:
 27 PDF objects out of 1000 (max. 8388607)
 0 named destinations out of 1000 (max. 500000)
 1 words of extra memory for PDF output out of 10000 (max. 10000000)

